TN:
SF:src\server.ts
FN:12,createApp
FN:33,(anonymous_2)
FN:50,startServer
FN:52,(anonymous_4)
FN:53,(anonymous_5)
FNF:5
FNH:1
FNDA:3,createApp
FNDA:0,(anonymous_2)
FNDA:0,startServer
FNDA:0,(anonymous_4)
FNDA:0,(anonymous_5)
DA:1,1
DA:2,1
DA:3,1
DA:4,1
DA:5,1
DA:6,1
DA:7,1
DA:10,1
DA:12,1
DA:16,3
DA:19,3
DA:22,3
DA:26,3
DA:27,3
DA:30,3
DA:33,3
DA:34,0
DA:37,3
DA:38,3
DA:44,3
DA:45,3
DA:47,3
DA:50,1
DA:51,0
DA:52,0
DA:53,0
DA:54,0
DA:55,0
DA:61,1
DA:62,0
LF:30
LH:23
BRDA:10,0,0,1
BRDA:10,0,1,1
BRDA:37,1,0,3
BRDA:37,1,1,3
BRDA:38,2,0,3
BRDA:38,2,1,3
BRDA:50,3,0,0
BRDA:61,4,0,0
BRDA:61,4,1,1
BRF:9
BRH:7
end_of_record
TN:
SF:src\controllers\chatController.ts
FN:5,(anonymous_0)
FN:6,(anonymous_1)
FNF:2
FNH:2
FNDA:2,(anonymous_0)
FNDA:1,(anonymous_1)
DA:2,2
DA:6,2
DA:7,1
DA:8,1
DA:12,2
LF:5
LH:5
BRF:0
BRH:0
end_of_record
TN:
SF:src\models\chatMessage.ts
FN:13,(anonymous_0)
FN:22,(anonymous_1)
FN:27,(anonymous_2)
FNF:3
FNH:3
FNDA:8,(anonymous_0)
FNDA:5,(anonymous_1)
FNDA:109,(anonymous_2)
DA:13,2
DA:15,8
DA:17,8
DA:19,8
DA:23,5
DA:28,109
DA:29,109
DA:32,109
DA:33,1
DA:36,108
DA:43,108
DA:46,108
DA:47,5
DA:50,108
DA:55,2
LF:15
LH:15
BRDA:28,0,0,109
BRDA:28,0,1,1
BRDA:32,1,0,1
BRDA:32,1,1,108
BRDA:46,2,0,5
BRDA:46,2,1,103
BRF:6
BRH:6
end_of_record
TN:
SF:src\routes\chatRoutes.ts
FNF:0
FNH:0
DA:1,2
DA:2,2
DA:5,2
DA:8,2
DA:10,2
LF:5
LH:5
BRF:0
BRH:0
end_of_record
TN:
SF:src\services\socketService.ts
FN:6,(anonymous_0)
FN:12,(anonymous_1)
FN:18,(anonymous_2)
FN:19,(anonymous_3)
FN:34,(anonymous_4)
FN:41,(anonymous_5)
FN:52,(anonymous_6)
FN:54,(anonymous_7)
FNF:8
FNH:8
FNDA:6,(anonymous_0)
FNDA:7,(anonymous_1)
FNDA:6,(anonymous_2)
FNDA:6,(anonymous_3)
FNDA:1,(anonymous_4)
FNDA:1,(anonymous_5)
FNDA:6,(anonymous_6)
FNDA:2,(anonymous_7)
DA:2,1
DA:5,1
DA:6,6
DA:14,7
DA:19,6
DA:21,6
DA:24,6
DA:27,6
DA:31,6
DA:34,6
DA:36,1
DA:41,6
DA:42,1
DA:45,1
DA:53,6
DA:55,2
DA:57,2
DA:60,1
DA:63,1
DA:64,1
DA:67,1
DA:70,1
DA:71,1
DA:73,0
LF:24
LH:23
BRDA:63,0,0,1
BRDA:63,0,1,0
BRDA:67,1,0,1
BRDA:67,1,1,0
BRDA:70,2,0,1
BRDA:70,2,1,0
BRF:6
BRH:3
end_of_record
